<?xml version="1.0" encoding="UTF-8"?>
<testsuite xmlns:xsi="http://www.w3.org/2001/XMLSchema-instance" xsi:noNamespaceSchemaLocation="https://maven.apache.org/surefire/maven-surefire-plugin/xsd/surefire-test-report.xsd" version="3.0.2" name="com.example.bakery.BakeryApplicationTests" time="5.874" tests="1" errors="0" skipped="0" failures="0" flakes="0">
  <properties>
[...]
</properties>
  <testcase name="contextLoads" classname="com.example.bakery.BakeryApplicationTests" time="0.382">
    <system-out><![CDATA[16:38:39.556 [main] INFO org.springframework.test.context.support.AnnotationConfigContextLoaderUtils -- Could not detect default configuration classes for test class [com.example.bakery.BakeryApplicationTests]: BakeryApplicationTests does not declare any static, non-private, non-final, nested classes annotated with @Configuration.
16:38:39.737 [main] INFO org.springframework.boot.test.context.SpringBootTestContextBootstrapper -- Found @SpringBootConfiguration com.example.bakery.BakeryApplication for test class com.example.bakery.BakeryApplicationTests
16:38:39.851 [main] INFO org.springframework.test.context.support.AnnotationConfigContextLoaderUtils -- Could not detect default configuration classes for test class [com.example.bakery.BakeryApplicationTests]: BakeryApplicationTests does not declare any static, non-private, non-final, nested classes annotated with @Configuration.
16:38:39.853 [main] INFO org.springframework.boot.test.context.SpringBootTestContextBootstrapper -- Found @SpringBootConfiguration com.example.bakery.BakeryApplication for test class com.example.bakery.BakeryApplicationTests

  .   ____          _            __ _ _
 /\\ / ___'_ __ _ _(_)_ __  __ _ \ \ \ \
( ( )\___ | '_ | '_| | '_ \/ _` | \ \ \ \
 \\/  ___)| |_)| | | | | || (_| |  ) ) ) )
  '  |____| .__|_| |_|_| |_\__, | / / / /
 =========|_|==============|___/=/_/_/_/

 :: Spring Boot ::                (v4.0.6)

2026-05-08T16:38:40.252+05:30  INFO 27484 --- [bakery] [           main] c.example.bakery.BakeryApplicationTests  : Starting BakeryApplicationTests using Java 24.0.1 with PID 27484 (started by ASUS in C:\Users\ASUS\Downloads\bakery-connected\bakery-connected)
2026-05-08T16:38:40.255+05:30 DEBUG 27484 --- [bakery] [           main] c.example.bakery.BakeryApplicationTests  : Running with Spring Boot v4.0.6, Spring v7.0.7
2026-05-08T16:38:40.256+05:30  INFO 27484 --- [bakery] [           main] c.example.bakery.BakeryApplicationTests  : No active profile set, falling back to 1 default profile: "default"
2026-05-08T16:38:41.000+05:30  INFO 27484 --- [bakery] [           main] .s.d.r.c.RepositoryConfigurationDelegate : Bootstrapping Spring Data JPA repositories in DEFAULT mode.
2026-05-08T16:38:41.071+05:30  INFO 27484 --- [bakery] [           main] .s.d.r.c.RepositoryConfigurationDelegate : Finished Spring Data repository scanning in 58 ms. Found 4 JPA repository interfaces.
2026-05-08T16:38:42.429+05:30  INFO 27484 --- [bakery] [           main] o.s.o.j.p.SpringPersistenceUnitInfo      : No LoadTimeWeaver setup: ignoring JPA class transformer
2026-05-08T16:38:42.476+05:30  INFO 27484 --- [bakery] [           main] com.zaxxer.hikari.HikariDataSource       : HikariPool-1 - Starting...
2026-05-08T16:38:42.664+05:30  INFO 27484 --- [bakery] [           main] com.zaxxer.hikari.pool.HikariPool        : HikariPool-1 - Added connection com.mysql.cj.jdbc.ConnectionImpl@c87787d
2026-05-08T16:38:42.666+05:30  INFO 27484 --- [bakery] [           main] com.zaxxer.hikari.HikariDataSource       : HikariPool-1 - Start completed.
2026-05-08T16:38:42.733+05:30  WARN 27484 --- [bakery] [           main] org.hibernate.orm.deprecation            : HHH90000025: MySQLDialect does not need to be specified explicitly using 'hibernate.dialect' (remove the property setting and it will be selected by default)
2026-05-08T16:38:43.736+05:30  INFO 27484 --- [bakery] [           main] j.LocalContainerEntityManagerFactoryBean : Initialized JPA EntityManagerFactory for persistence unit 'default'
2026-05-08T16:38:43.825+05:30  INFO 27484 --- [bakery] [           main] o.s.d.j.r.query.QueryEnhancerFactories   : Hibernate is in classpath; If applicable, HQL parser will be used.
2026-05-08T16:38:44.202+05:30  WARN 27484 --- [bakery] [           main] JpaBaseConfiguration$JpaWebConfiguration : spring.jpa.open-in-view is enabled by default. Therefore, database queries may be performed during view rendering. Explicitly configure spring.jpa.open-in-view to disable this warning
2026-05-08T16:38:44.229+05:30  INFO 27484 --- [bakery] [           main] o.s.b.w.a.WelcomePageHandlerMapping      : Adding welcome page template: index
2026-05-08T16:38:44.772+05:30  INFO 27484 --- [bakery] [           main] c.example.bakery.BakeryApplicationTests  : Started BakeryApplicationTests in 4.837 seconds (process running for 6.181)
]]></system-out>
    <system-err><![CDATA[Mockito is currently self-attaching to enable the inline-mock-maker. This will no longer work in future releases of the JDK. Please add Mockito as an agent to your build as described in Mockito's documentation: https://javadoc.io/doc/org.mockito/mockito-core/latest/org.mockito/org/mockito/Mockito.html#0.3
WARNING: A Java agent has been loaded dynamically (C:\Users\ASUS\.m2\repository\net\bytebuddy\byte-buddy-agent\1.17.8\byte-buddy-agent-1.17.8.jar)
WARNING: If a serviceability tool is in use, please run with -XX:+EnableDynamicAgentLoading to hide this warning
WARNING: If a serviceability tool is not in use, please run with -Djdk.instrument.traceUsage for more information
WARNING: Dynamic loading of agents will be disallowed by default in a future release
]]></system-err>
  </testcase>
</testsuite>